<?xml version="1.0" encoding="UTF-8"?>
<!-- Generated by org.testng.reporters.JUnitReportReporter -->
<testsuite hostname="LAPTOP-0G2VP4JI" failures="0" tests="3" name="testRunner.TestRunner" time="67.622" errors="0" timestamp="2024-05-11T06:13:17 IST" skipped="0">
  <testcase classname="testRunner.TestRunner" name="runScenario" time="15.670"/>
  <testcase classname="testRunner.TestRunner" name="runScenario" time="17.990"/>
  <testcase classname="testRunner.TestRunner" name="runScenario" time="33.962"/>
</testsuite> <!-- testRunner.TestRunner -->
